build/app/intermediates/manifest_merge_blame_file/debug/manifest-merger-blame-debug-report.txt
1<?xml version="1.0" encoding="utf-8"?>
2<manifest xmlns:android="http://schemas.android.com/apk/res/android"
3    package="wrteam.seller.multivendor"
4    android:versionCode="3"
5    android:versionName="1.0.1" >
6
7    <uses-sdk
8        android:minSdkVersion="21"
9        android:targetSdkVersion="33" />
10    <!--
11         Flutter needs it to communicate with the running application
12         to allow setting breakpoints, to provide hot reload, etc.
13    -->
14    <uses-permission android:name="android.permission.INTERNET" />
14-->src\main\AndroidManifest.xml:4:5-67
14-->src\main\AndroidManifest.xml:4:22-64
15    <uses-permission android:name="android.permission.ACCESS_FINE_LOCATION" />
15-->src\main\AndroidManifest.xml:5:5-78
15-->src\main\AndroidManifest.xml:5:22-76
16    <uses-permission android:name="android.permission.ACCESS_COARSE_LOCATION" />
16-->src\main\AndroidManifest.xml:6:5-80
16-->src\main\AndroidManifest.xml:6:22-78
17    <uses-permission android:name="android.permission.WAKE_LOCK" />
17-->[:firebase_messaging] AndroidManifest.xml:10:5-68
17-->[:firebase_messaging] AndroidManifest.xml:10:22-65
18    <uses-permission android:name="android.permission.ACCESS_NETWORK_STATE" /> <!-- Permissions options for the `notification` group -->
18-->[:firebase_messaging] AndroidManifest.xml:11:5-79
18-->[:firebase_messaging] AndroidManifest.xml:11:22-76
19    <uses-permission android:name="android.permission.POST_NOTIFICATIONS" />
19-->[:firebase_messaging] AndroidManifest.xml:13:5-77
19-->[:firebase_messaging] AndroidManifest.xml:13:22-74
20    <uses-permission android:name="android.permission.FOREGROUND_SERVICE" />
20-->[:geolocator_android] AndroidManifest.xml:9:5-77
20-->[:geolocator_android] AndroidManifest.xml:9:22-74
21    <uses-permission android:name="android.permission.READ_EXTERNAL_STORAGE" />
21-->[:file_picker] AndroidManifest.xml:9:5-80
21-->[:file_picker] AndroidManifest.xml:9:22-77
22
23    <queries>
23-->[:file_picker] AndroidManifest.xml:11:5-17:15
24        <intent>
24-->[:file_picker] AndroidManifest.xml:12:9-16:18
25            <action android:name="android.intent.action.GET_CONTENT" />
25-->[:file_picker] AndroidManifest.xml:13:13-72
25-->[:file_picker] AndroidManifest.xml:13:21-69
26
27            <data android:mimeType="*/*" />
27-->[:file_picker] AndroidManifest.xml:15:13-44
27-->[:file_picker] AndroidManifest.xml:15:19-41
28        </intent>
29        <intent>
29-->[:flutter_inappwebview] AndroidManifest.xml:10:9-12:18
30            <action android:name="android.support.customtabs.action.CustomTabsService" />
30-->[:flutter_inappwebview] AndroidManifest.xml:11:13-90
30-->[:flutter_inappwebview] AndroidManifest.xml:11:21-87
31        </intent> <!-- Needs to be explicitly declared on Android R+ -->
32        <package android:name="com.google.android.apps.maps" />
32-->[com.google.android.gms:play-services-maps:18.1.0] AndroidManifest.xml:33:9-64
32-->[com.google.android.gms:play-services-maps:18.1.0] AndroidManifest.xml:33:18-61
33
34        <intent>
34-->[androidx.media2:media2-session:1.2.0] AndroidManifest.xml:25:9-27:18
35            <action android:name="android.media.browse.MediaBrowserService" />
35-->[androidx.media2:media2-session:1.2.0] AndroidManifest.xml:26:13-79
35-->[androidx.media2:media2-session:1.2.0] AndroidManifest.xml:26:21-76
36        </intent>
37        <intent>
37-->[androidx.media2:media2-session:1.2.0] AndroidManifest.xml:28:9-30:18
38            <action android:name="androidx.media2.session.MediaSessionService" />
38-->[androidx.media2:media2-session:1.2.0] AndroidManifest.xml:29:13-82
38-->[androidx.media2:media2-session:1.2.0] AndroidManifest.xml:29:21-79
39        </intent>
40        <intent>
40-->[androidx.media2:media2-session:1.2.0] AndroidManifest.xml:31:9-33:18
41            <action android:name="androidx.media2.session.MediaLibraryService" />
41-->[androidx.media2:media2-session:1.2.0] AndroidManifest.xml:32:13-82
41-->[androidx.media2:media2-session:1.2.0] AndroidManifest.xml:32:21-79
42        </intent>
43    </queries>
44
45    <uses-permission android:name="android.permission.RECEIVE_BOOT_COMPLETED" />
45-->[:flutter_local_notifications] AndroidManifest.xml:9:5-81
45-->[:flutter_local_notifications] AndroidManifest.xml:9:22-78
46    <uses-permission android:name="android.permission.VIBRATE" />
46-->[:flutter_local_notifications] AndroidManifest.xml:10:5-66
46-->[:flutter_local_notifications] AndroidManifest.xml:10:22-63
47    <uses-permission android:name="android.permission.USE_FULL_SCREEN_INTENT" />
47-->[:flutter_local_notifications] AndroidManifest.xml:11:5-81
47-->[:flutter_local_notifications] AndroidManifest.xml:11:22-78
48    <uses-permission android:name="android.permission.SCHEDULE_EXACT_ALARM" />
48-->[:flutter_local_notifications] AndroidManifest.xml:12:5-79
48-->[:flutter_local_notifications] AndroidManifest.xml:12:22-76
49
50    <uses-feature
50-->[com.google.android.gms:play-services-maps:18.1.0] AndroidManifest.xml:26:5-28:35
51        android:glEsVersion="0x00020000"
51-->[com.google.android.gms:play-services-maps:18.1.0] AndroidManifest.xml:27:9-41
52        android:required="true" /> <!-- Required by older versions of Google Play services to create IID tokens -->
52-->[com.google.android.gms:play-services-maps:18.1.0] AndroidManifest.xml:28:9-32
53    <uses-permission android:name="com.google.android.c2dm.permission.RECEIVE" />
53-->[com.google.firebase:firebase-messaging:23.1.0] AndroidManifest.xml:28:5-82
53-->[com.google.firebase:firebase-messaging:23.1.0] AndroidManifest.xml:28:22-79
54    <uses-permission android:name="com.google.android.gms.permission.AD_ID" />
54-->[com.google.android.gms:play-services-measurement-api:21.2.0] AndroidManifest.xml:25:5-79
54-->[com.google.android.gms:play-services-measurement-api:21.2.0] AndroidManifest.xml:25:22-76
55    <uses-permission android:name="com.google.android.finsky.permission.BIND_GET_INSTALL_REFERRER_SERVICE" />
55-->[com.google.android.gms:play-services-measurement:21.2.0] AndroidManifest.xml:26:5-110
55-->[com.google.android.gms:play-services-measurement:21.2.0] AndroidManifest.xml:26:22-107
56
57    <application
57-->src\main\AndroidManifest.xml:7:5-54:19
58        android:appComponentFactory="androidx.core.app.CoreComponentFactory"
58-->[androidx.core:core:1.8.0] AndroidManifest.xml:24:18-86
59        android:debuggable="true"
60        android:icon="@mipmap/ic_launcher"
60-->src\main\AndroidManifest.xml:8:9-43
61        android:label="eShop Seller"
61-->src\main\AndroidManifest.xml:9:9-37
62        android:usesCleartextTraffic="true" >
62-->src\main\AndroidManifest.xml:10:9-44
63        <activity
63-->src\main\AndroidManifest.xml:12:10-39:20
64            android:name="wrteam.seller.multivendor.MainActivity"
64-->src\main\AndroidManifest.xml:13:13-41
65            android:configChanges="orientation|keyboardHidden|keyboard|screenSize|smallestScreenSize|locale|layoutDirection|fontScale|screenLayout|density|uiMode"
65-->src\main\AndroidManifest.xml:17:13-163
66            android:exported="true"
66-->src\main\AndroidManifest.xml:14:13-36
67            android:hardwareAccelerated="true"
67-->src\main\AndroidManifest.xml:18:13-47
68            android:launchMode="singleTop"
68-->src\main\AndroidManifest.xml:15:13-43
69            android:theme="@style/LaunchTheme"
69-->src\main\AndroidManifest.xml:16:13-47
70            android:windowSoftInputMode="adjustResize" >
70-->src\main\AndroidManifest.xml:19:13-55
71
72            <!--
73                 Specifies an Android theme to apply to this Activity as soon as
74                 the Android process has started. This theme is visible to the user
75                 while the Flutter UI initializes. After that, this theme continues
76                 to determine the Window background behind the Flutter UI.
77            -->
78            <meta-data
78-->src\main\AndroidManifest.xml:24:13-26:66
79                android:name="io.flutter.embedding.android.SplashScreenDrawable"
79-->src\main\AndroidManifest.xml:25:17-81
80                android:resource="@drawable/launch_background" />
80-->src\main\AndroidManifest.xml:26:17-63
81            <meta-data
81-->src\main\AndroidManifest.xml:27:17-29:61
82                android:name="com.google.firebase.messaging.default_notification_icon"
82-->src\main\AndroidManifest.xml:28:19-89
83                android:resource="@drawable/ic_launcher" />
83-->src\main\AndroidManifest.xml:29:18-58
84              />
85            <intent-filter>
85-->src\main\AndroidManifest.xml:31:13-34:29
86                <action android:name="android.intent.action.MAIN" />
86-->src\main\AndroidManifest.xml:32:17-68
86-->src\main\AndroidManifest.xml:32:25-66
87
88                <category android:name="android.intent.category.LAUNCHER" />
88-->src\main\AndroidManifest.xml:33:17-76
88-->src\main\AndroidManifest.xml:33:27-74
89            </intent-filter>
90            <intent-filter>
90-->src\main\AndroidManifest.xml:35:13-38:29
91                <action android:name="FLUTTER_NOTIFICATION_CLICK" />
91-->src\main\AndroidManifest.xml:36:17-68
91-->src\main\AndroidManifest.xml:36:25-66
92
93                <category android:name="android.intent.category.DEFAULT" />
93-->src\main\AndroidManifest.xml:37:17-75
93-->src\main\AndroidManifest.xml:37:27-73
94            </intent-filter>
95        </activity>
96
97        <meta-data
97-->src\main\AndroidManifest.xml:40:9-41:70
98            android:name="com.google.android.geo.API_KEY"
98-->src\main\AndroidManifest.xml:40:20-65
99            android:value="AIzaSyDDs2dRc5fGYwvyf6OkXQHSyqEgzWeHbrQ" />
99-->src\main\AndroidManifest.xml:41:13-68
100
101        <!--
102             Don't delete the meta-data below.
103             This is used by the Flutter tool to generate GeneratedPluginRegistrant.java
104        -->
105        <meta-data
105-->src\main\AndroidManifest.xml:45:9-47:55
106            android:name="vn.hunghd.flutterdownloader.NOTIFICATION_ICON"
106-->src\main\AndroidManifest.xml:46:13-73
107            android:resource="@drawable/ic_launcher" />
107-->src\main\AndroidManifest.xml:47:13-53
108        <meta-data
108-->src\main\AndroidManifest.xml:27:17-29:61
109            android:name="com.google.firebase.messaging.default_notification_icon"
109-->src\main\AndroidManifest.xml:28:19-89
110            android:resource="@drawable/ic_launcher" />
110-->src\main\AndroidManifest.xml:29:18-58
111        <meta-data
111-->src\main\AndroidManifest.xml:51:9-53:33
112            android:name="flutterEmbedding"
112-->src\main\AndroidManifest.xml:52:13-44
113            android:value="2" />
113-->src\main\AndroidManifest.xml:53:13-30
114
115        <service
115-->[:firebase_auth] AndroidManifest.xml:10:9-14:19
116            android:name="com.google.firebase.components.ComponentDiscoveryService"
116-->[:firebase_auth] AndroidManifest.xml:10:18-89
117            android:directBootAware="true"
117-->[com.google.firebase:firebase-common:20.2.0] AndroidManifest.xml:34:13-43
118            android:exported="false" >
118-->[com.google.firebase:firebase-analytics-ktx:21.2.0] AndroidManifest.xml:10:13-37
119            <meta-data
119-->[:firebase_auth] AndroidManifest.xml:11:13-13:85
120                android:name="com.google.firebase.components:io.flutter.plugins.firebase.auth.FlutterFirebaseAuthRegistrar"
120-->[:firebase_auth] AndroidManifest.xml:12:17-124
121                android:value="com.google.firebase.components.ComponentRegistrar" />
121-->[:firebase_auth] AndroidManifest.xml:13:17-82
122            <meta-data
122-->[:firebase_messaging] AndroidManifest.xml:38:13-40:85
123                android:name="com.google.firebase.components:io.flutter.plugins.firebase.messaging.FlutterFirebaseAppRegistrar"
123-->[:firebase_messaging] AndroidManifest.xml:39:17-128
124                android:value="com.google.firebase.components.ComponentRegistrar" />
124-->[:firebase_messaging] AndroidManifest.xml:40:17-82
125            <meta-data
125-->[:firebase_core] AndroidManifest.xml:11:13-13:85
126                android:name="com.google.firebase.components:io.flutter.plugins.firebase.core.FlutterFirebaseCoreRegistrar"
126-->[:firebase_core] AndroidManifest.xml:12:17-124
127                android:value="com.google.firebase.components.ComponentRegistrar" />
127-->[:firebase_core] AndroidManifest.xml:13:17-82
128            <meta-data
128-->[com.google.firebase:firebase-analytics-ktx:21.2.0] AndroidManifest.xml:11:13-13:85
129                android:name="com.google.firebase.components:com.google.firebase.analytics.ktx.FirebaseAnalyticsKtxRegistrar"
129-->[com.google.firebase:firebase-analytics-ktx:21.2.0] AndroidManifest.xml:12:17-126
130                android:value="com.google.firebase.components.ComponentRegistrar" />
130-->[com.google.firebase:firebase-analytics-ktx:21.2.0] AndroidManifest.xml:13:17-82
131            <meta-data
131-->[com.google.firebase:firebase-common-ktx:20.2.0] AndroidManifest.xml:14:13-16:85
132                android:name="com.google.firebase.components:com.google.firebase.ktx.FirebaseCommonKtxRegistrar"
132-->[com.google.firebase:firebase-common-ktx:20.2.0] AndroidManifest.xml:15:17-113
133                android:value="com.google.firebase.components.ComponentRegistrar" />
133-->[com.google.firebase:firebase-common-ktx:20.2.0] AndroidManifest.xml:16:17-82
134            <meta-data
134-->[com.google.firebase:firebase-auth:21.1.0] AndroidManifest.xml:67:13-69:85
135                android:name="com.google.firebase.components:com.google.firebase.auth.FirebaseAuthRegistrar"
135-->[com.google.firebase:firebase-auth:21.1.0] AndroidManifest.xml:68:17-109
136                android:value="com.google.firebase.components.ComponentRegistrar" />
136-->[com.google.firebase:firebase-auth:21.1.0] AndroidManifest.xml:69:17-82
137            <meta-data
137-->[com.google.firebase:firebase-messaging:23.1.0] AndroidManifest.xml:55:13-57:85
138                android:name="com.google.firebase.components:com.google.firebase.messaging.FirebaseMessagingRegistrar"
138-->[com.google.firebase:firebase-messaging:23.1.0] AndroidManifest.xml:56:17-119
139                android:value="com.google.firebase.components.ComponentRegistrar" />
139-->[com.google.firebase:firebase-messaging:23.1.0] AndroidManifest.xml:57:17-82
140            <meta-data
140-->[com.google.android.gms:play-services-measurement-api:21.2.0] AndroidManifest.xml:31:13-33:85
141                android:name="com.google.firebase.components:com.google.firebase.analytics.connector.internal.AnalyticsConnectorRegistrar"
141-->[com.google.android.gms:play-services-measurement-api:21.2.0] AndroidManifest.xml:32:17-139
142                android:value="com.google.firebase.components.ComponentRegistrar" />
142-->[com.google.android.gms:play-services-measurement-api:21.2.0] AndroidManifest.xml:33:17-82
143            <meta-data
143-->[com.google.firebase:firebase-datatransport:18.1.7] AndroidManifest.xml:27:13-29:85
144                android:name="com.google.firebase.components:com.google.firebase.datatransport.TransportRegistrar"
144-->[com.google.firebase:firebase-datatransport:18.1.7] AndroidManifest.xml:28:17-115
145                android:value="com.google.firebase.components.ComponentRegistrar" />
145-->[com.google.firebase:firebase-datatransport:18.1.7] AndroidManifest.xml:29:17-82
146            <meta-data
146-->[com.google.firebase:firebase-iid:21.1.0] AndroidManifest.xml:32:13-34:85
147                android:name="com.google.firebase.components:com.google.firebase.iid.Registrar"
147-->[com.google.firebase:firebase-iid:21.1.0] AndroidManifest.xml:33:17-96
148                android:value="com.google.firebase.components.ComponentRegistrar" />
148-->[com.google.firebase:firebase-iid:21.1.0] AndroidManifest.xml:34:17-82
149            <meta-data
149-->[com.google.firebase:firebase-installations:17.1.0] AndroidManifest.xml:17:13-19:85
150                android:name="com.google.firebase.components:com.google.firebase.installations.FirebaseInstallationsRegistrar"
150-->[com.google.firebase:firebase-installations:17.1.0] AndroidManifest.xml:18:17-127
151                android:value="com.google.firebase.components.ComponentRegistrar" />
151-->[com.google.firebase:firebase-installations:17.1.0] AndroidManifest.xml:19:17-82
152        </service>
153        <service
153-->[:firebase_messaging] AndroidManifest.xml:16:9-19:72
154            android:name="io.flutter.plugins.firebase.messaging.FlutterFirebaseMessagingBackgroundService"
154-->[:firebase_messaging] AndroidManifest.xml:17:13-107
155            android:exported="false"
155-->[:firebase_messaging] AndroidManifest.xml:18:13-37
156            android:permission="android.permission.BIND_JOB_SERVICE" />
156-->[:firebase_messaging] AndroidManifest.xml:19:13-69
157        <service
157-->[:firebase_messaging] AndroidManifest.xml:20:9-26:19
158            android:name="io.flutter.plugins.firebase.messaging.FlutterFirebaseMessagingService"
158-->[:firebase_messaging] AndroidManifest.xml:21:13-97
159            android:exported="false" >
159-->[:firebase_messaging] AndroidManifest.xml:22:13-37
160            <intent-filter>
160-->[:firebase_messaging] AndroidManifest.xml:23:13-25:29
161                <action android:name="com.google.firebase.MESSAGING_EVENT" />
161-->[:firebase_messaging] AndroidManifest.xml:24:17-78
161-->[:firebase_messaging] AndroidManifest.xml:24:25-75
162            </intent-filter>
163        </service>
164
165        <receiver
165-->[:firebase_messaging] AndroidManifest.xml:28:9-35:20
166            android:name="io.flutter.plugins.firebase.messaging.FlutterFirebaseMessagingReceiver"
166-->[:firebase_messaging] AndroidManifest.xml:29:13-98
167            android:exported="true"
167-->[:firebase_messaging] AndroidManifest.xml:30:13-36
168            android:permission="com.google.android.c2dm.permission.SEND" >
168-->[:firebase_messaging] AndroidManifest.xml:31:13-73
169            <intent-filter>
169-->[:firebase_messaging] AndroidManifest.xml:32:13-34:29
170                <action android:name="com.google.android.c2dm.intent.RECEIVE" />
170-->[:firebase_messaging] AndroidManifest.xml:33:17-81
170-->[:firebase_messaging] AndroidManifest.xml:33:25-78
171            </intent-filter>
172        </receiver>
173
174        <provider
174-->[:firebase_messaging] AndroidManifest.xml:43:9-47:38
175            android:name="io.flutter.plugins.firebase.messaging.FlutterFirebaseMessagingInitProvider"
175-->[:firebase_messaging] AndroidManifest.xml:44:13-102
176            android:authorities="wrteam.seller.multivendor.flutterfirebasemessaginginitprovider"
176-->[:firebase_messaging] AndroidManifest.xml:45:13-88
177            android:exported="false"
177-->[:firebase_messaging] AndroidManifest.xml:46:13-37
178            android:initOrder="99" />
178-->[:firebase_messaging] AndroidManifest.xml:47:13-35
179
180        <service
180-->[:geolocator_android] AndroidManifest.xml:12:9-16:56
181            android:name="com.baseflow.geolocator.GeolocatorLocationService"
181-->[:geolocator_android] AndroidManifest.xml:13:13-77
182            android:enabled="true"
182-->[:geolocator_android] AndroidManifest.xml:14:13-35
183            android:exported="false"
183-->[:geolocator_android] AndroidManifest.xml:15:13-37
184            android:foregroundServiceType="location" />
184-->[:geolocator_android] AndroidManifest.xml:16:13-53
185
186        <provider
186-->[:image_picker_android] AndroidManifest.xml:10:9-18:20
187            android:name="io.flutter.plugins.imagepicker.ImagePickerFileProvider"
187-->[:image_picker_android] AndroidManifest.xml:11:13-82
188            android:authorities="wrteam.seller.multivendor.flutter.image_provider"
188-->[:image_picker_android] AndroidManifest.xml:12:13-74
189            android:exported="false"
189-->[:image_picker_android] AndroidManifest.xml:13:13-37
190            android:grantUriPermissions="true" >
190-->[:image_picker_android] AndroidManifest.xml:14:13-47
191            <meta-data
191-->[:image_picker_android] AndroidManifest.xml:15:13-17:75
192                android:name="android.support.FILE_PROVIDER_PATHS"
192-->[:image_picker_android] AndroidManifest.xml:16:17-67
193                android:resource="@xml/flutter_image_picker_file_paths" />
193-->[:image_picker_android] AndroidManifest.xml:17:17-72
194        </provider>
195
196        <receiver
196-->[:flutter_local_notifications] AndroidManifest.xml:16:9-18:40
197            android:name="com.dexterous.flutterlocalnotifications.ActionBroadcastReceiver"
197-->[:flutter_local_notifications] AndroidManifest.xml:17:13-91
198            android:exported="false" />
198-->[:flutter_local_notifications] AndroidManifest.xml:18:13-37
199        <receiver
199-->[:flutter_local_notifications] AndroidManifest.xml:19:9-21:40
200            android:name="com.dexterous.flutterlocalnotifications.ScheduledNotificationReceiver"
200-->[:flutter_local_notifications] AndroidManifest.xml:20:13-97
201            android:exported="false" />
201-->[:flutter_local_notifications] AndroidManifest.xml:21:13-37
202        <receiver
202-->[:flutter_local_notifications] AndroidManifest.xml:22:9-31:20
203            android:name="com.dexterous.flutterlocalnotifications.ScheduledNotificationBootReceiver"
203-->[:flutter_local_notifications] AndroidManifest.xml:23:13-101
204            android:exported="false" >
204-->[:flutter_local_notifications] AndroidManifest.xml:24:13-37
205            <intent-filter>
205-->[:flutter_local_notifications] AndroidManifest.xml:25:13-30:29
206                <action android:name="android.intent.action.BOOT_COMPLETED" />
206-->[:flutter_local_notifications] AndroidManifest.xml:26:17-79
206-->[:flutter_local_notifications] AndroidManifest.xml:26:25-76
207                <action android:name="android.intent.action.MY_PACKAGE_REPLACED" />
207-->[:flutter_local_notifications] AndroidManifest.xml:27:17-84
207-->[:flutter_local_notifications] AndroidManifest.xml:27:25-81
208                <action android:name="android.intent.action.QUICKBOOT_POWERON" />
208-->[:flutter_local_notifications] AndroidManifest.xml:28:17-82
208-->[:flutter_local_notifications] AndroidManifest.xml:28:25-79
209                <action android:name="com.htc.intent.action.QUICKBOOT_POWERON" />
209-->[:flutter_local_notifications] AndroidManifest.xml:29:17-82
209-->[:flutter_local_notifications] AndroidManifest.xml:29:25-79
210            </intent-filter>
211        </receiver>
212
213        <activity
213-->[:url_launcher_android] AndroidManifest.xml:10:9-13:74
214            android:name="io.flutter.plugins.urllauncher.WebViewActivity"
214-->[:url_launcher_android] AndroidManifest.xml:11:13-74
215            android:exported="false"
215-->[:url_launcher_android] AndroidManifest.xml:12:13-37
216            android:theme="@android:style/Theme.NoTitleBar.Fullscreen" />
216-->[:url_launcher_android] AndroidManifest.xml:13:13-71
217        <activity
217-->[:flutter_inappwebview] AndroidManifest.xml:16:9-20:47
218            android:name="com.pichillilorenzo.flutter_inappwebview.in_app_browser.InAppBrowserActivity"
218-->[:flutter_inappwebview] AndroidManifest.xml:17:13-104
219            android:configChanges="orientation|keyboardHidden|keyboard|screenSize|locale|layoutDirection|fontScale|screenLayout|density"
219-->[:flutter_inappwebview] AndroidManifest.xml:18:13-137
220            android:exported="false"
220-->[:flutter_inappwebview] AndroidManifest.xml:19:13-37
221            android:theme="@style/AppTheme" />
221-->[:flutter_inappwebview] AndroidManifest.xml:20:13-44
222        <activity
222-->[:flutter_inappwebview] AndroidManifest.xml:21:9-24:55
223            android:name="com.pichillilorenzo.flutter_inappwebview.chrome_custom_tabs.ChromeCustomTabsActivity"
223-->[:flutter_inappwebview] AndroidManifest.xml:22:13-112
224            android:exported="false"
224-->[:flutter_inappwebview] AndroidManifest.xml:23:13-37
225            android:theme="@style/ThemeTransparent" />
225-->[:flutter_inappwebview] AndroidManifest.xml:24:13-52
226        <activity
226-->[:flutter_inappwebview] AndroidManifest.xml:25:9-28:55
227            android:name="com.pichillilorenzo.flutter_inappwebview.chrome_custom_tabs.TrustedWebActivity"
227-->[:flutter_inappwebview] AndroidManifest.xml:26:13-106
228            android:exported="false"
228-->[:flutter_inappwebview] AndroidManifest.xml:27:13-37
229            android:theme="@style/ThemeTransparent" />
229-->[:flutter_inappwebview] AndroidManifest.xml:28:13-52
230        <activity
230-->[:flutter_inappwebview] AndroidManifest.xml:29:9-33:55
231            android:name="com.pichillilorenzo.flutter_inappwebview.chrome_custom_tabs.ChromeCustomTabsActivitySingleInstance"
231-->[:flutter_inappwebview] AndroidManifest.xml:30:13-126
232            android:exported="false"
232-->[:flutter_inappwebview] AndroidManifest.xml:31:13-37
233            android:launchMode="singleInstance"
233-->[:flutter_inappwebview] AndroidManifest.xml:32:13-48
234            android:theme="@style/ThemeTransparent" />
234-->[:flutter_inappwebview] AndroidManifest.xml:33:13-52
235        <activity
235-->[:flutter_inappwebview] AndroidManifest.xml:34:9-38:55
236            android:name="com.pichillilorenzo.flutter_inappwebview.chrome_custom_tabs.TrustedWebActivitySingleInstance"
236-->[:flutter_inappwebview] AndroidManifest.xml:35:13-120
237            android:exported="false"
237-->[:flutter_inappwebview] AndroidManifest.xml:36:13-37
238            android:launchMode="singleInstance"
238-->[:flutter_inappwebview] AndroidManifest.xml:37:13-48
239            android:theme="@style/ThemeTransparent" />
239-->[:flutter_inappwebview] AndroidManifest.xml:38:13-52
240
241        <receiver
241-->[:flutter_inappwebview] AndroidManifest.xml:40:9-43:40
242            android:name="com.pichillilorenzo.flutter_inappwebview.chrome_custom_tabs.ActionBroadcastReceiver"
242-->[:flutter_inappwebview] AndroidManifest.xml:41:13-111
243            android:enabled="true"
243-->[:flutter_inappwebview] AndroidManifest.xml:42:13-35
244            android:exported="false" />
244-->[:flutter_inappwebview] AndroidManifest.xml:43:13-37
245
246        <meta-data
246-->[:flutter_inappwebview] AndroidManifest.xml:45:9-47:36
247            android:name="io.flutter.embedded_views_preview"
247-->[:flutter_inappwebview] AndroidManifest.xml:46:13-61
248            android:value="true" />
248-->[:flutter_inappwebview] AndroidManifest.xml:47:13-33
249
250        <uses-library
250-->[androidx.window:window:1.0.0-beta04] AndroidManifest.xml:25:9-27:40
251            android:name="androidx.window.extensions"
251-->[androidx.window:window:1.0.0-beta04] AndroidManifest.xml:26:13-54
252            android:required="false" />
252-->[androidx.window:window:1.0.0-beta04] AndroidManifest.xml:27:13-37
253        <uses-library
253-->[androidx.window:window:1.0.0-beta04] AndroidManifest.xml:28:9-30:40
254            android:name="androidx.window.sidecar"
254-->[androidx.window:window:1.0.0-beta04] AndroidManifest.xml:29:13-51
255            android:required="false" />
255-->[androidx.window:window:1.0.0-beta04] AndroidManifest.xml:30:13-37
256
257        <activity
257-->[com.google.android.gms:play-services-auth:19.2.0] AndroidManifest.xml:23:9-27:75
258            android:name="com.google.android.gms.auth.api.signin.internal.SignInHubActivity"
258-->[com.google.android.gms:play-services-auth:19.2.0] AndroidManifest.xml:24:13-93
259            android:excludeFromRecents="true"
259-->[com.google.android.gms:play-services-auth:19.2.0] AndroidManifest.xml:25:13-46
260            android:exported="false"
260-->[com.google.android.gms:play-services-auth:19.2.0] AndroidManifest.xml:26:13-37
261            android:theme="@android:style/Theme.Translucent.NoTitleBar" />
261-->[com.google.android.gms:play-services-auth:19.2.0] AndroidManifest.xml:27:13-72
262        <!--
263            Service handling Google Sign-In user revocation. For apps that do not integrate with
264            Google Sign-In, this service will never be started.
265        -->
266        <service
266-->[com.google.android.gms:play-services-auth:19.2.0] AndroidManifest.xml:33:9-37:51
267            android:name="com.google.android.gms.auth.api.signin.RevocationBoundService"
267-->[com.google.android.gms:play-services-auth:19.2.0] AndroidManifest.xml:34:13-89
268            android:exported="true"
268-->[com.google.android.gms:play-services-auth:19.2.0] AndroidManifest.xml:35:13-36
269            android:permission="com.google.android.gms.auth.api.signin.permission.REVOCATION_NOTIFICATION"
269-->[com.google.android.gms:play-services-auth:19.2.0] AndroidManifest.xml:36:13-107
270            android:visibleToInstantApps="true" /> <!-- Needs to be explicitly declared on P+ -->
270-->[com.google.android.gms:play-services-auth:19.2.0] AndroidManifest.xml:37:13-48
271        <uses-library
271-->[com.google.android.gms:play-services-maps:18.1.0] AndroidManifest.xml:39:9-41:40
272            android:name="org.apache.http.legacy"
272-->[com.google.android.gms:play-services-maps:18.1.0] AndroidManifest.xml:40:13-50
273            android:required="false" />
273-->[com.google.android.gms:play-services-maps:18.1.0] AndroidManifest.xml:41:13-37
274
275        <activity
275-->[com.google.firebase:firebase-auth:21.1.0] AndroidManifest.xml:27:9-44:20
276            android:name="com.google.firebase.auth.internal.GenericIdpActivity"
276-->[com.google.firebase:firebase-auth:21.1.0] AndroidManifest.xml:28:13-80
277            android:excludeFromRecents="true"
277-->[com.google.firebase:firebase-auth:21.1.0] AndroidManifest.xml:29:13-46
278            android:exported="true"
278-->[com.google.firebase:firebase-auth:21.1.0] AndroidManifest.xml:30:13-36
279            android:launchMode="singleTask"
279-->[com.google.firebase:firebase-auth:21.1.0] AndroidManifest.xml:31:13-44